//=====================================================
Exception code: C00000FD STACK_OVERFLOW
Fault address:  7C80ADEC 01:00009DEC C:\WINDOWS\system32\kernel32.dll

Registers:
EAX:00000001
EBX:00043168
ECX:00001001
EDX:00043178
ESI:00000001
EDI:00000000
CS:EIP:001B:7C80ADEC
SS:ESP:0023:00042FFC  EBP:00043094
DS:0023  ES:0023  FS:003B  GS:0000
Flags:00010216

ESP dump:
 0x0000  0x0000  0x0000  0x0000  0x0000  0x0000  0x0000  0x0000  0x000c  0x0000  0x0001  0x43198  0x0000  0x431a8  0x0000  0x1000  0x0000  0x0000  0x0000  0x0000  0x0000  0x0000  0x0000  0x0000  0x0000  0x431d8  0x0000  0x0000  0x0000  0x0000  0x0000  0x0000  0x0000  0x9f000000  0x5feb  0x0000  0x0000  0x000d  0x43140  0x7c80a3f9  0x162ed8  0x1001  0x43178  0x0001  0x43168  0x0001  0x0000  0x43168  0x7c809cad  0x0001 

EBP dump:
 0x43140  0x7c80a3f9  0x162ed8  0x1001  0x43178  0x0001  0x43168  0x0001  0x0000  0x43168  0x7c809cad  0x0001  0x43170  0x7c80a3f9  0x162ed8  0x9b001001  0x431a8  0x0001  0x43178  0x0001  0x0000  0x43198  0x7c809cad  0x0000  0x431a0  0x7c80a3f9  0x162ed8  0x9b001001  0x0000  0x0001  0x0002  0x43168  0x7c809cad  0x7c809e2a  0x162ed8  0x7ffa001c  0x107a94a  0x1073f00  0x0001  0x7ffa001c  0x107a94a  0x107a948  0x3a17  0x431bc  0x5c7068  0x0804  0x1001  0x43178  0x0001  0x43168 

IP dump:
 0x538b5d18  0x568b7514  0x5733fff7  0xc1f8effc  0xaf8975f0  0x8945e889  0x7d888995  0x6cffffff  0x8955f889  0x5df40f85  0x39c20300  0xf7c10000  0x00106afe  0x580f854e  0x3101008b  0x45088b40  0x243bc789  0x8568ffff  0xff75403b  0xf70f84fb  0x02000066  0x8b32663b  0xf70f843b  0xffffff39  0x7de87415  0x668b0366  0x3bc70f84  0x39ffffff  0x663bf00f  0x841f0200  0x00397df0  0x0f84cc02  0x00006639  0x3a0f845f  0xe5020083  0x4dfcff83  0x4decff8b  0xc183e004  0x8945a089  0x45948bc1  0x25001000  0x00898574  0xffffff8b  0xc18bd16a  0x0c83e202  0x83e0032b  0xc75b8955  0xa4897db0  0x897d8489  0x7d8c897d 

Call stack:
Address   Frame     Logical addr  Module
7C80ADEC  00043094  0001:00009DEC C:\WINDOWS\system32\kernel32.dll
7C80A3F9  00043140  0001:000093F9 C:\WINDOWS\system32\kernel32.dll
005C7068  000431BC  0001:001C6068 D:\Program Files\GlobalSCAPE\CuteFTP 8 Professional\1.exe
005C7178  000431EC  0001:001C6178 D:\Program Files\GlobalSCAPE\CuteFTP 8 Professional\1.exe
005B6AAE  00043248  0001:001B5AAE D:\Program Files\GlobalSCAPE\CuteFTP 8 Professional\1.exe
005B6AFA  010985E8  0001:001B5AFA D:\Program Files\GlobalSCAPE\CuteFTP 8 Professional\1.exe

