//=====================================================
Exception code: C00000FD STACK_OVERFLOW
Fault address:  7C80B035 01:0000A035 C:\WINDOWS\system32\kernel32.dll

Registers:
EAX:00000001
EBX:00033178
ECX:00001001
EDX:00033188
ESI:00000001
EDI:00000000
CS:EIP:001B:7C80B035
SS:ESP:0023:00033000  EBP:000330A4
DS:0023  ES:0023  FS:003B  GS:0000
Flags:00010246

ESP dump:
 0x0000  0x0001  0x33178  0x0000  0x33188  0x0000  0x0000  0x0000  0x0000  0x0000  0x0000  0x0000  0x0000  0x0001  0x331a8  0x0000  0x331b8  0x0000  0x1000  0x0000  0x0000  0x0000  0x0000  0x0000  0x0000  0x0000  0x0000  0x0000  0x331e8  0x0000  0x0000  0x0000  0x0000  0x0000  0x0000  0x0001  0xe000000  0x0001  0x33178  0x33188  0x000d  0x33150  0x7c80a4a9  0x152ed0  0x1001  0x33188  0x0001  0x33178  0x0001  0x0000 

EBP dump:
 0x33150  0x7c80a4a9  0x152ed0  0x1001  0x33188  0x0001  0x33178  0x0001  0x0000  0x33178  0x7c809c98  0x0001  0x33180  0x7c80a4a9  0x152ed0  0x1001  0x331b8  0x0001  0x33188  0x0001  0x0000  0x331a8  0x7c809c98  0x0000  0x331b0  0x7c80a4a9  0x152ed0  0x1001  0x0000  0x0001  0x331b8  0x33178  0x7c809c98  0x7c809e15  0x152ed0  0x7ffa001c  0x13bf539  0x13b0000  0x0001  0x7ffa001c  0x13bf539  0x13bf538  0xee19  0x331d0  0x5c7068  0x0804  0x1001  0x33188  0x0001  0x33178 

IP dump:
 0x6afe580f  0x85845502  0x008b4508  0x8b40243b  0xc7898568  0xffffff75  0x403bf70f  0x84fb0200  0x00668b32  0x663bf70f  0x843bffff  0xff397de8  0x7415668b  0x03663bc7  0x0f8439ff  0xffff663b  0xf00f841f  0x02000039  0x7df00f84  0xcc020000  0x66393a0f  0x84e25d02  0x00834dfc  0xff834dec  0xff8bc183  0xe0048945  0xa0894594  0x8bc12500  0x10000089  0x8574ffff  0xff8bc18b  0xd16a0c83  0xe20283e0  0x032bc75b  0x8955a489  0x7db0897d  0x84897d8c  0x897db889  0x7da8897d  0x98897d90  0x897dd489  0x7de4895d  0xcc0f84e9  0x54020048  0x0f8510c4  0x0300c745  0xd8ffffff  0xe78b4508  0x33db3978  0x200f95c3 

Call stack:
Address   Frame     Logical addr  Module
7C80B035  000330A4  0001:0000A035 C:\WINDOWS\system32\kernel32.dll
7C80A4A9  00033150  0001:000094A9 C:\WINDOWS\system32\kernel32.dll
005C7068  000331D0  0001:001C6068 F:\Install\CuteFTP 8 Professional\cuteftppro.exe
005C7178  00033200  0001:001C6178 F:\Install\CuteFTP 8 Professional\cuteftppro.exe
005B6AAE  0003325C  0001:001B5AAE F:\Install\CuteFTP 8 Professional\cuteftppro.exe
005B6AFA  013D3D58  0001:001B5AFA F:\Install\CuteFTP 8 Professional\cuteftppro.exe
FFFFFFFF  006324D4  0000:00000000 
004DAB50  0056E344  0001:000D9B50 F:\Install\CuteFTP 8 Professional\cuteftppro.exe

//=====================================================
Exception code: C00000FD STACK_OVERFLOW
Fault address:  7C80A409 01:00009409 C:\WINDOWS\system32\kernel32.dll

Registers:
EAX:000331BC
EBX:000330BC
ECX:FFFFFFFF
EDX:7FFA001C
ESI:00152EA0
EDI:000331BC
CS:EIP:001B:7C80A409
SS:ESP:0023:00033000  EBP:0003307C
DS:0023  ES:0023  FS:003B  GS:0000
Flags:00010206

ESP dump:
 0x0000  0x0000  0x0000  0x0000  0x0000  0x0000  0x0000  0x0002  0x331e8  0x152ea0  0x0002  0x0009  0x330bc  0x7c80d10e  0x331ba  0x7ffa001c  0x330bc  0x13e27f9  0x0000  0x1c99  0x3307c  0x7c80d04c  0x152ea0  0x0000  0x13e27f0  0x0009  0x330bc  0x007f  0x152ea0  0x13e27f0  0x0000  0x332c0  0x7c80d20c  0x0804  0x40000000  0x331bc  0xffffffff  0x330bc  0xffffffff  0x13e27f0  0x40000000  0x13ec4a8  0x0007  0x330bc  0x0007  0x0001  0x331bc  0x490047  0x200046  0x50cf56fe 

EBP dump:
 0x332c0  0x7c80d20c  0x0804  0x40000000  0x331bc  0xffffffff  0x330bc  0xffffffff  0x13e27f0  0x40000000  0x13ec4a8  0x0007  0x330bc  0x0007  0x0001  0x331bc  0x490047  0x200046  0x50cf56fe  0x0000  0x0000  0x7c80d245  0x0000  0x0000  0x0000  0x0001  0x0000  0x490047  0x0000  0x90cf56fe  0x590d  0x0000  0x0000  0x000d  0x202906b  0x0000  0xe7ffffff  0x2020e91  0x590d  0x0000  0x0001  0x202906b  0x0001  0x33208  0x33218  0x2020e91  0x331e0  0x7c80a4a9  0x152ed0  0xe001001 

IP dump:
 0x53568b75  0x0889459c  0xa1a85388  0x7c5733ff  0x3bf0897d  0xb00f855d  0x0b00008b  0x15505388  0x7c3bd789  0x55dc0f84  0xb06f0100  0x397d100f  0x84a76f01  0x008b5d18  0x3bdf0f84  0x9c6f0100  0x397a1c0f  0x84ac2f02  0x00837a2c  0x010f84a2  0x2f02008b  0x450c33c9  0x25ffffff  0xbf6681fe  0x12048b75  0x1c0f94c1  0x894dc483  0xc9ff397a  0x24750939  0x4d140f8e  0x96040000  0x3bf10f8e  0x99b30200  0x394d140f  0x8e98b302  0x008b4d14  0xff75c456  0x5351ff75  0x105052e8  0x460b0000  0x5f5e5bc9  0xc2180090  0x90909090  0x64a11800  0x00008b80  0xc4000000  0xc3909090  0x90908bff  0x558bec51  0x518d45f8 

Call stack:
Address   Frame     Logical addr  Module
7C80A409  0003307C  0001:00009409 C:\WINDOWS\system32\kernel32.dll
7C80D20C  000332C0  0001:0000C20C C:\WINDOWS\system32\kernel32.dll
7C830DA1  000332EC  0001:0002FDA1 C:\WINDOWS\system32\kernel32.dll
004DC80D  013EC370  0001:000DB80D F:\Install\CuteFTP 8 Professional\cuteftppro.exe
FFFFFFFF  006324D4  0000:00000000 
004DAB50  0056E344  0001:000D9B50 F:\Install\CuteFTP 8 Professional\cuteftppro.exe

//=====================================================
Exception code: C00000FD STACK_OVERFLOW
Fault address:  7C80B035 01:0000A035 C:\WINDOWS\system32\kernel32.dll

Registers:
EAX:00000001
EBX:00033178
ECX:00001001
EDX:00033188
ESI:00000001
EDI:00000000
CS:EIP:001B:7C80B035
SS:ESP:0023:00033000  EBP:000330A4
DS:0023  ES:0023  FS:003B  GS:0000
Flags:00010246

ESP dump:
 0x0000  0x0001  0x33178  0x0000  0x33188  0x0000  0x0000  0x0000  0x0000  0x0000  0x0000  0x0000  0x0000  0x0001  0x331a8  0x0000  0x331b8  0x0000  0x1000  0x0000  0x0000  0x0000  0x0000  0x0000  0x0000  0x0000  0x0000  0x0000  0x331e8  0x0000  0x0000  0x0000  0x0000  0x0000  0x0000  0x0001  0xe000000  0x0001  0x33178  0x33188  0x000d  0x33150  0x7c80a4a9  0x152ed0  0x1001  0x33188  0x0001  0x33178  0x0001  0x0000 

EBP dump:
 0x33150  0x7c80a4a9  0x152ed0  0x1001  0x33188  0x0001  0x33178  0x0001  0x0000  0x33178  0x7c809c98  0x0001  0x33180  0x7c80a4a9  0x152ed0  0xe001001  0x331b8  0x0001  0x33188  0x0001  0x0000  0x331a8  0x7c809c98  0x0000  0x331b0  0x7c80a4a9  0x152ed0  0xe001001  0x0000  0x0001  0x331b8  0x33178  0x7c809c98  0x7c809e15  0x152ed0  0x7ffa001c  0x138f581  0x1380000  0x0001  0x7ffa001c  0x138f581  0x138f580  0x8172  0x331d0  0x5c7068  0x0804  0x1001  0x33188  0x0001  0x33178 

IP dump:
 0x6afe580f  0x85845502  0x008b4508  0x8b40243b  0xc7898568  0xffffff75  0x403bf70f  0x84fb0200  0x00668b32  0x663bf70f  0x843bffff  0xff397de8  0x7415668b  0x03663bc7  0x0f8439ff  0xffff663b  0xf00f841f  0x02000039  0x7df00f84  0xcc020000  0x66393a0f  0x84e25d02  0x00834dfc  0xff834dec  0xff8bc183  0xe0048945  0xa0894594  0x8bc12500  0x10000089  0x8574ffff  0xff8bc18b  0xd16a0c83  0xe20283e0  0x032bc75b  0x8955a489  0x7db0897d  0x84897d8c  0x897db889  0x7da8897d  0x98897d90  0x897dd489  0x7de4895d  0xcc0f84e9  0x54020048  0x0f8510c4  0x0300c745  0xd8ffffff  0xe78b4508  0x33db3978  0x200f95c3 

Call stack:
Address   Frame     Logical addr  Module
7C80B035  000330A4  0001:0000A035 C:\WINDOWS\system32\kernel32.dll
7C80A4A9  00033150  0001:000094A9 C:\WINDOWS\system32\kernel32.dll
005C7068  000331D0  0001:001C6068 F:\Install\CuteFTP 8 Professional\cuteftppro.exe
005C7178  00033200  0001:001C6178 F:\Install\CuteFTP 8 Professional\cuteftppro.exe
005B6AAE  0003325C  0001:001B5AAE F:\Install\CuteFTP 8 Professional\cuteftppro.exe
005B6AFA  0136FC88  0001:001B5AFA F:\Install\CuteFTP 8 Professional\cuteftppro.exe
FFFFFFFF  006324D4  0000:00000000 
004DAB50  0056E344  0001:000D9B50 F:\Install\CuteFTP 8 Professional\cuteftppro.exe

//=====================================================
Exception code: C00000FD STACK_OVERFLOW
Fault address:  7C80B035 01:0000A035 C:\WINDOWS\system32\kernel32.dll

Registers:
EAX:00000001
EBX:00033178
ECX:00001001
EDX:00033188
ESI:00000001
EDI:00000000
CS:EIP:001B:7C80B035
SS:ESP:0023:00033000  EBP:000330A4
DS:0023  ES:0023  FS:003B  GS:0000
Flags:00010246

ESP dump:
 0x0000  0x0001  0x33178  0x0000  0x33188  0x0000  0x0000  0x000c  0x0000  0x0001  0x33198  0x0000  0x331a8  0x0000  0x1000  0x0000  0x0000  0x0000  0x0000  0x0000  0x0000  0x0000  0x0000  0x0000  0x331d8  0x0000  0x0000  0x0000  0x0000  0x0000  0x0000  0x0000  0xd1000000  0x73e0  0x0000  0x0001  0x000d  0x0001  0x33178  0x33188  0x202c96e  0x33150  0x7c80a4a9  0x152ed0  0x1001  0x33188  0x0001  0x33178  0x0001  0x0000 

EBP dump:
 0x33150  0x7c80a4a9  0x152ed0  0x1001  0x33188  0x0001  0x33178  0x0001  0x0000  0x33178  0x7c809c98  0x0001  0x331a8  0x0001  0x33198  0x0001  0x0000  0x33198  0x33188  0x0001  0x331a0  0x7c80a4a9  0x152ed0  0x0000  0x331d8  0x0001  0x331a8  0x0001  0x0000  0x331c8  0x0002  0x33178  0x7c809c98  0x7c809e15  0x152ed0  0x7ffa001c  0x13ba222  0x13b5200  0x0001  0x7ffa001c  0x13ba222  0x13ba220  0xa342  0x331c4  0x5c7068  0x0804  0x1001  0x33188  0x0001  0x33178 

IP dump:
 0x6afe580f  0x85845502  0x008b4508  0x8b40243b  0xc7898568  0xffffff75  0x403bf70f  0x84fb0200  0x00668b32  0x663bf70f  0x843bffff  0xff397de8  0x7415668b  0x03663bc7  0x0f8439ff  0xffff663b  0xf00f841f  0x02000039  0x7df00f84  0xcc020000  0x66393a0f  0x84e25d02  0x00834dfc  0xff834dec  0xff8bc183  0xe0048945  0xa0894594  0x8bc12500  0x10000089  0x8574ffff  0xff8bc18b  0xd16a0c83  0xe20283e0  0x032bc75b  0x8955a489  0x7db0897d  0x84897d8c  0x897db889  0x7da8897d  0x98897d90  0x897dd489  0x7de4895d  0xcc0f84e9  0x54020048  0x0f8510c4  0x0300c745  0xd8ffffff  0xe78b4508  0x33db3978  0x200f95c3 

Call stack:
Address   Frame     Logical addr  Module
7C80B035  000330A4  0001:0000A035 C:\WINDOWS\system32\kernel32.dll
7C80A4A9  00033150  0001:000094A9 C:\WINDOWS\system32\kernel32.dll
005C7068  000331C4  0001:001C6068 F:\Install\CuteFTP 8 Professional\cuteftppro.exe
005C7178  000331F4  0001:001C6178 F:\Install\CuteFTP 8 Professional\cuteftppro.exe
005B6AAE  00033250  0001:001B5AAE F:\Install\CuteFTP 8 Professional\cuteftppro.exe
005B6AFA  013CF2D8  0001:001B5AFA F:\Install\CuteFTP 8 Professional\cuteftppro.exe
FFFFFFFF  006324D4  0000:00000000 
004DAB50  0056E344  0001:000D9B50 F:\Install\CuteFTP 8 Professional\cuteftppro.exe

//=====================================================
Exception code: C00000FD STACK_OVERFLOW
Fault address:  7C80B035 01:0000A035 C:\WINDOWS\system32\kernel32.dll

Registers:
EAX:00000001
EBX:00033178
ECX:00001001
EDX:00033188
ESI:00000001
EDI:00000000
CS:EIP:001B:7C80B035
SS:ESP:0023:00033000  EBP:000330A4
DS:0023  ES:0023  FS:003B  GS:0000
Flags:00010246

ESP dump:
 0x0000  0x0001  0x33178  0x0000  0x33188  0x0000  0x0000  0x000c  0x0000  0x0001  0x33198  0x0000  0x331a8  0x0000  0x1000  0x0000  0x0000  0x0000  0x0000  0x0000  0x0000  0x0000  0x0000  0x0000  0x331d8  0x0000  0x0000  0x0000  0x0000  0x0000  0x0000  0x0000  0xc3000000  0x65b0  0x0000  0x0001  0x000d  0x0001  0x33178  0x33188  0x202be29  0x33150  0x7c80a4a9  0x152ed0  0x1001  0x33188  0x0001  0x33178  0x0001  0x0000 

EBP dump:
 0x33150  0x7c80a4a9  0x152ed0  0x1001  0x33188  0x0001  0x33178  0x0001  0x0000  0x33178  0x7c809c98  0x0001  0x331a8  0x0001  0x33198  0x0001  0x0000  0x33198  0x33188  0x0001  0x331a0  0x7c80a4a9  0x152ed0  0x0000  0x331d8  0x0001  0x331a8  0x0001  0x0000  0x331c8  0x0002  0x33178  0x7c809c98  0x7c809e15  0x152ed0  0x7ffa001c  0x138c19a  0x1384d00  0x0001  0x7ffa001c  0x138c19a  0x138c198  0x8d87  0x331c4  0x5c7068  0x0804  0x1001  0x33188  0x0001  0x33178 

IP dump:
 0x6afe580f  0x85845502  0x008b4508  0x8b40243b  0xc7898568  0xffffff75  0x403bf70f  0x84fb0200  0x00668b32  0x663bf70f  0x843bffff  0xff397de8  0x7415668b  0x03663bc7  0x0f8439ff  0xffff663b  0xf00f841f  0x02000039  0x7df00f84  0xcc020000  0x66393a0f  0x84e25d02  0x00834dfc  0xff834dec  0xff8bc183  0xe0048945  0xa0894594  0x8bc12500  0x10000089  0x8574ffff  0xff8bc18b  0xd16a0c83  0xe20283e0  0x032bc75b  0x8955a489  0x7db0897d  0x84897d8c  0x897db889  0x7da8897d  0x98897d90  0x897dd489  0x7de4895d  0xcc0f84e9  0x54020048  0x0f8510c4  0x0300c745  0xd8ffffff  0xe78b4508  0x33db3978  0x200f95c3 

Call stack:
Address   Frame     Logical addr  Module
7C80B035  000330A4  0001:0000A035 C:\WINDOWS\system32\kernel32.dll
7C80A4A9  00033150  0001:000094A9 C:\WINDOWS\system32\kernel32.dll
005C7068  000331C4  0001:001C6068 F:\Install\CuteFTP 8 Professional\cuteftppro.exe
005C7178  000331F4  0001:001C6178 F:\Install\CuteFTP 8 Professional\cuteftppro.exe
005B6AAE  00033250  0001:001B5AAE F:\Install\CuteFTP 8 Professional\cuteftppro.exe
005B6AFA  013AD0D8  0001:001B5AFA F:\Install\CuteFTP 8 Professional\cuteftppro.exe
FFFFFFFF  006324D4  0000:00000000 
004DAB50  0056E344  0001:000D9B50 F:\Install\CuteFTP 8 Professional\cuteftppro.exe

//=====================================================
Exception code: C00000FD STACK_OVERFLOW
Fault address:  7C80B035 01:0000A035 C:\WINDOWS\system32\kernel32.dll

Registers:
EAX:00000001
EBX:00033178
ECX:00001001
EDX:00033188
ESI:00000001
EDI:00000000
CS:EIP:001B:7C80B035
SS:ESP:0023:00033000  EBP:000330A4
DS:0023  ES:0023  FS:003B  GS:0000
Flags:00010246

ESP dump:
 0x0000  0x0001  0x33178  0x0000  0x33188  0x0000  0x0000  0x000c  0x0000  0x0001  0x33198  0x0000  0x331a8  0x0000  0x1000  0x0000  0x0000  0x0000  0x0000  0x0000  0x0000  0x0000  0x0000  0x0000  0x331d8  0x0000  0x0000  0x0000  0x0000  0x0000  0x0000  0x0000  0xd1000000  0x73e0  0x0000  0x0001  0x000d  0x0001  0x33178  0x33188  0x202c96e  0x33150  0x7c80a4a9  0x152ed0  0x1001  0x33188  0x0001  0x33178  0x0001  0x0000 

EBP dump:
 0x33150  0x7c80a4a9  0x152ed0  0x1001  0x33188  0x0001  0x33178  0x0001  0x0000  0x33178  0x7c809c98  0x0001  0x331a8  0x0001  0x33198  0x0001  0x0000  0x33198  0x33188  0x0001  0x331a0  0x7c80a4a9  0x152ed0  0x0000  0x331d8  0x0001  0x331a8  0x0001  0x0000  0x331c8  0x0002  0x33178  0x7c809c98  0x7c809e15  0x152ed0  0x7ffa001c  0x13c7b52  0x13c5200  0x0001  0x7ffa001c  0x13c7b52  0x13c7b50  0xc229  0x331c4  0x5c7068  0x0804  0x1001  0x33188  0x0001  0x33178 

IP dump:
 0x6afe580f  0x85845502  0x008b4508  0x8b40243b  0xc7898568  0xffffff75  0x403bf70f  0x84fb0200  0x00668b32  0x663bf70f  0x843bffff  0xff397de8  0x7415668b  0x03663bc7  0x0f8439ff  0xffff663b  0xf00f841f  0x02000039  0x7df00f84  0xcc020000  0x66393a0f  0x84e25d02  0x00834dfc  0xff834dec  0xff8bc183  0xe0048945  0xa0894594  0x8bc12500  0x10000089  0x8574ffff  0xff8bc18b  0xd16a0c83  0xe20283e0  0x032bc75b  0x8955a489  0x7db0897d  0x84897d8c  0x897db889  0x7da8897d  0x98897d90  0x897dd489  0x7de4895d  0xcc0f84e9  0x54020048  0x0f8510c4  0x0300c745  0xd8ffffff  0xe78b4508  0x33db3978  0x200f95c3 

Call stack:
Address   Frame     Logical addr  Module
7C80B035  000330A4  0001:0000A035 C:\WINDOWS\system32\kernel32.dll
7C80A4A9  00033150  0001:000094A9 C:\WINDOWS\system32\kernel32.dll
005C7068  000331C4  0001:001C6068 F:\Install\CuteFTP 8 Professional\cuteftppro.exe
005C7178  000331F4  0001:001C6178 F:\Install\CuteFTP 8 Professional\cuteftppro.exe
005B6AAE  00033250  0001:001B5AAE F:\Install\CuteFTP 8 Professional\cuteftppro.exe
005B6AFA  013DC5F8  0001:001B5AFA F:\Install\CuteFTP 8 Professional\cuteftppro.exe
FFFFFFFF  006324D4  0000:00000000 
004DAB50  0056E344  0001:000D9B50 F:\Install\CuteFTP 8 Professional\cuteftppro.exe

//=====================================================
Exception code: C00000FD STACK_OVERFLOW
Fault address:  7C80B035 01:0000A035 C:\WINDOWS\system32\kernel32.dll

Registers:
EAX:00000001
EBX:00033178
ECX:00001001
EDX:00033188
ESI:00000001
EDI:00000000
CS:EIP:001B:7C80B035
SS:ESP:0023:00033000  EBP:000330A4
DS:0023  ES:0023  FS:003B  GS:0000
Flags:00010246

ESP dump:
 0x0000  0x0001  0x33178  0x0000  0x33188  0x0000  0x0000  0x0000  0x0000  0x0000  0x0000  0x0000  0x0000  0x0001  0x331a8  0x0000  0x331b8  0x0000  0x1000  0x0000  0x0000  0x0000  0x0000  0x0000  0x0000  0x0000  0x0000  0x0000  0x331e8  0x0000  0x0000  0x0000  0x0000  0x0000  0x0000  0x0001  0xbe000000  0x0001  0x33178  0x33188  0x000d  0x33150  0x7c80a4a9  0x152ed0  0x1001  0x33188  0x0001  0x33178  0x0001  0x0000 

EBP dump:
 0x33150  0x7c80a4a9  0x152ed0  0x1001  0x33188  0x0001  0x33178  0x0001  0x0000  0x33178  0x7c809c98  0x0001  0x33180  0x7c80a4a9  0x152ed0  0xb8001001  0x331b8  0x0001  0x33188  0x0001  0x0000  0x331a8  0x7c809c98  0x0000  0x331b0  0x7c80a4a9  0x152ed0  0xb8001001  0x0000  0x0001  0x0002  0x33178  0x7c809c98  0x7c809e15  0x152ed0  0x7ffa001c  0x14d67ca  0x14d4500  0x0001  0x7ffa001c  0x14d67ca  0x14d67c8  0x9cf5  0x331d0  0x5c7068  0x0804  0x1001  0x33188  0x0001  0x33178 

IP dump:
 0x6afe580f  0x85845502  0x008b4508  0x8b40243b  0xc7898568  0xffffff75  0x403bf70f  0x84fb0200  0x00668b32  0x663bf70f  0x843bffff  0xff397de8  0x7415668b  0x03663bc7  0x0f8439ff  0xffff663b  0xf00f841f  0x02000039  0x7df00f84  0xcc020000  0x66393a0f  0x84e25d02  0x00834dfc  0xff834dec  0xff8bc183  0xe0048945  0xa0894594  0x8bc12500  0x10000089  0x8574ffff  0xff8bc18b  0xd16a0c83  0xe20283e0  0x032bc75b  0x8955a489  0x7db0897d  0x84897d8c  0x897db889  0x7da8897d  0x98897d90  0x897dd489  0x7de4895d  0xcc0f84e9  0x54020048  0x0f8510c4  0x0300c745  0xd8ffffff  0xe78b4508  0x33db3978  0x200f95c3 

Call stack:
Address   Frame     Logical addr  Module
7C80B035  000330A4  0001:0000A035 C:\WINDOWS\system32\kernel32.dll
7C80A4A9  00033150  0001:000094A9 C:\WINDOWS\system32\kernel32.dll
005C7068  000331D0  0001:001C6068 F:\Install\CuteFTP 8 Professional\cuteftppro.exe
005C7178  00033200  0001:001C6178 F:\Install\CuteFTP 8 Professional\cuteftppro.exe
005B6AAE  0003325C  0001:001B5AAE F:\Install\CuteFTP 8 Professional\cuteftppro.exe
005B6AFA  014E7228  0001:001B5AFA F:\Install\CuteFTP 8 Professional\cuteftppro.exe
FFFFFFFF  006324D4  0000:00000000 
004DAB50  0056E344  0001:000D9B50 F:\Install\CuteFTP 8 Professional\cuteftppro.exe

//=====================================================
Exception code: C00000FD STACK_OVERFLOW
Fault address:  7C80B003 01:0000A003 C:\WINDOWS\system32\kernel32.dll

Registers:
EAX:00000001
EBX:00033158
ECX:00001001
EDX:00033168
ESI:00000001
EDI:00000000
CS:EIP:001B:7C80B003
SS:ESP:0023:00032FEC  EBP:00033084
DS:0023  ES:0023  FS:003B  GS:0000
Flags:00010212

ESP dump:
 0x0000  0x0000  0x0000  0x0000  0x0000  0x0000  0x0000  0x0000  0x000c  0x0000  0x0001  0x33188  0x0000  0x33198  0x0000  0x1000  0x0000  0x0000  0x0000  0x0000  0x0000  0x0000  0x0000  0x0000  0x0000  0x331c8  0x0000  0x0000  0x0000  0x0000  0x0000  0x0000  0x0000  0xbe000000  0x672a  0x0000  0x0000  0x000d  0x33130  0x7c80a4a9  0x152ed0  0x1001  0x33168  0x0001  0x33158  0x0001  0x0000  0x33158  0x7c809c98  0x0001 

EBP dump:
 0x33130  0x7c80a4a9  0x152ed0  0x1001  0x33168  0x0001  0x33158  0x0001  0x0000  0x33158  0x7c809c98  0x0001  0x33160  0x7c80a4a9  0x152ed0  0x90001001  0x33198  0x0001  0x33168  0x0001  0x0000  0x33188  0x7c809c98  0x0000  0x33190  0x7c80a4a9  0x152ed0  0x90001001  0x0000  0x0001  0x0002  0x33158  0x7c809c98  0x7c809e15  0x152ed0  0x7ffa001c  0x14f3b62  0x14f4e00  0x0001  0x7ffa001c  0x14f3b62  0x14f3b60  0x6eae  0x331ac  0x5c7068  0x0804  0x1001  0x33168  0x0001  0x33158 

IP dump:
 0x538b5d18  0x568b7514  0x5733fff7  0xc1f8effc  0xaf8975f0  0x8945e889  0x7d888995  0x6cffffff  0x8955f889  0x5df40f85  0xbbc40300  0xf7c10000  0x00106afe  0x580f8584  0x5502008b  0x45088b40  0x243bc789  0x8568ffff  0xff75403b  0xf70f84fb  0x02000066  0x8b32663b  0xf70f843b  0xffffff39  0x7de87415  0x668b0366  0x3bc70f84  0x39ffffff  0x663bf00f  0x841f0200  0x00397df0  0x0f84cc02  0x00006639  0x3a0f84e2  0x5d020083  0x4dfcff83  0x4decff8b  0xc183e004  0x8945a089  0x45948bc1  0x25001000  0x00898574  0xffffff8b  0xc18bd16a  0x0c83e202  0x83e0032b  0xc75b8955  0xa4897db0  0x897d8489  0x7d8c897d 

Call stack:
Address   Frame     Logical addr  Module
7C80B003  00033084  0001:0000A003 C:\WINDOWS\system32\kernel32.dll
7C80A4A9  00033130  0001:000094A9 C:\WINDOWS\system32\kernel32.dll
005C7068  000331AC  0001:001C6068 F:\Install\CuteFTP 8 Professional\cuteftppro.exe
005C7178  000331DC  0001:001C6178 F:\Install\CuteFTP 8 Professional\cuteftppro.exe
005B6AAE  00033238  0001:001B5AAE F:\Install\CuteFTP 8 Professional\cuteftppro.exe
005B6AFA  0150CE78  0001:001B5AFA F:\Install\CuteFTP 8 Professional\cuteftppro.exe

//=====================================================
Exception code: C00000FD STACK_OVERFLOW
Fault address:  7C80B035 01:0000A035 C:\WINDOWS\system32\kernel32.dll

Registers:
EAX:00000001
EBX:00033178
ECX:00001001
EDX:00033188
ESI:00000001
EDI:00000000
CS:EIP:001B:7C80B035
SS:ESP:0023:00033000  EBP:000330A4
DS:0023  ES:0023  FS:003B  GS:0000
Flags:00010246

ESP dump:
 0x0000  0x0001  0x33178  0x0000  0x33188  0x0000  0x0000  0x0000  0x0000  0x0000  0x0000  0x0000  0x0000  0x0001  0x331a8  0x0000  0x331b8  0x0000  0x1000  0x0000  0x0000  0x0000  0x0000  0x0000  0x0000  0x0000  0x0000  0x0000  0x331e8  0x0000  0x0000  0x0000  0x0000  0x0000  0x0000  0x0001  0x9f000000  0x0001  0x33178  0x33188  0x000d  0x33150  0x7c80a4a9  0x152ed0  0x1001  0x33188  0x0001  0x33178  0x0001  0x0000 

EBP dump:
 0x33150  0x7c80a4a9  0x152ed0  0x1001  0x33188  0x0001  0x33178  0x0001  0x0000  0x33178  0x7c809c98  0x0001  0x33180  0x7c80a4a9  0x152ed0  0x8b001001  0x331b8  0x0001  0x33188  0x0001  0x0000  0x331a8  0x7c809c98  0x0000  0x331b0  0x7c80a4a9  0x152ed0  0x8b001001  0x0000  0x0001  0x0002  0x33178  0x7c809c98  0x7c809e15  0x152ed0  0x7ffa001c  0x156f50a  0x1563200  0x0001  0x7ffa001c  0x156f50a  0x156f508  0xe630  0x331d0  0x5c7068  0x0804  0x1001  0x33188  0x0001  0x33178 

IP dump:
 0x6afe580f  0x85845502  0x008b4508  0x8b40243b  0xc7898568  0xffffff75  0x403bf70f  0x84fb0200  0x00668b32  0x663bf70f  0x843bffff  0xff397de8  0x7415668b  0x03663bc7  0x0f8439ff  0xffff663b  0xf00f841f  0x02000039  0x7df00f84  0xcc020000  0x66393a0f  0x84e25d02  0x00834dfc  0xff834dec  0xff8bc183  0xe0048945  0xa0894594  0x8bc12500  0x10000089  0x8574ffff  0xff8bc18b  0xd16a0c83  0xe20283e0  0x032bc75b  0x8955a489  0x7db0897d  0x84897d8c  0x897db889  0x7da8897d  0x98897d90  0x897dd489  0x7de4895d  0xcc0f84e9  0x54020048  0x0f8510c4  0x0300c745  0xd8ffffff  0xe78b4508  0x33db3978  0x200f95c3 

Call stack:
Address   Frame     Logical addr  Module
7C80B035  000330A4  0001:0000A035 C:\WINDOWS\system32\kernel32.dll
7C80A4A9  00033150  0001:000094A9 C:\WINDOWS\system32\kernel32.dll
005C7068  000331D0  0001:001C6068 F:\Install\CuteFTP 8 Professional\cuteftppro.exe
005C7178  00033200  0001:001C6178 F:\Install\CuteFTP 8 Professional\cuteftppro.exe
005B6AAE  0003325C  0001:001B5AAE F:\Install\CuteFTP 8 Professional\cuteftppro.exe
005B6AFA  0156B5A0  0001:001B5AFA F:\Install\CuteFTP 8 Professional\cuteftppro.exe
FFFFFFFF  006324D4  0000:00000000 
004DAB50  0056E344  0001:000D9B50 F:\Install\CuteFTP 8 Professional\cuteftppro.exe

//=====================================================
Exception code: C00000FD STACK_OVERFLOW
Fault address:  7C80B035 01:0000A035 C:\WINDOWS\system32\kernel32.dll

Registers:
EAX:00000001
EBX:00033178
ECX:00001001
EDX:00033188
ESI:00000001
EDI:00000000
CS:EIP:001B:7C80B035
SS:ESP:0023:00033000  EBP:000330A4
DS:0023  ES:0023  FS:003B  GS:0000
Flags:00010246

ESP dump:
 0x0000  0x0001  0x33178  0x0000  0x33188  0x0000  0x0000  0x0000  0x0000  0x0000  0x0000  0x0000  0x0000  0x0001  0x331a8  0x0000  0x331b8  0x0000  0x0000  0x0000  0x0000  0x0000  0x0000  0x0000  0x0000  0x0001  0x331d8  0x0000  0x331e8  0x0000  0x0000  0x0000  0x0000  0x0000  0x0000  0x0001  0x0000  0x0001  0x33178  0x33188  0x33218  0x33150  0x7c80a4a9  0x152ed0  0x1001  0x33188  0x0001  0x33178  0x0001  0x0000 

EBP dump:
 0x33150  0x7c80a4a9  0x152ed0  0x1001  0x33188  0x0001  0x33178  0x0001  0x0000  0x33178  0x7c809c98  0x0001  0x33180  0x7c80a4a9  0x152ed0  0x1001  0x331b8  0x0001  0x33188  0x0001  0x0000  0x331a8  0x7c809c98  0x0000  0x331b0  0x7c80a4a9  0x152ed0  0x1001  0x0000  0x0001  0x0002  0x33178  0x7c809c98  0x7c809e15  0x152ed0  0x7ffa001c  0x12b52ea  0x12b4e00  0x0001  0x7ffa001c  0x12b52ea  0x12b52e8  0x40f8  0x331d0  0x5c7068  0x0804  0x1001  0x33188  0x0001  0x33178 

IP dump:
 0x6afe580f  0x85358000  0x008b4508  0x8b40243b  0xc7898568  0xffffff75  0x403bf70f  0x84fb0200  0x00668b32  0x663bf70f  0x843bffff  0xff397de8  0x7415668b  0x03663bc7  0x0f8439ff  0xffff663b  0xf00f841f  0x02000039  0x7df00f84  0xcc020000  0x66393a0f  0x84928800  0x00834dfc  0xff834dec  0xff8bc183  0xe0048945  0xa0894594  0x8bc12500  0x10000089  0x8574ffff  0xff8bc18b  0xd16a0c83  0xe20283e0  0x032bc75b  0x8955a489  0x7db0897d  0x84897d8c  0x897db889  0x7da8897d  0x98897d90  0x897dd489  0x7de4895d  0xcc0f849a  0x7f000048  0x0f8576c4  0x0300c745  0xd8ffffff  0xe78b4508  0x33db3978  0x200f95c3 

Call stack:
Address   Frame     Logical addr  Module
7C80B035  000330A4  0001:0000A035 C:\WINDOWS\system32\kernel32.dll
7C80A4A9  00033150  0001:000094A9 C:\WINDOWS\system32\kernel32.dll
005C7068  000331D0  0001:001C6068 F:\Install\CuteFTP 8 Professional\cuteftppro.exe
005C7178  00033200  0001:001C6178 F:\Install\CuteFTP 8 Professional\cuteftppro.exe
005B6AAE  0003325C  0001:001B5AAE F:\Install\CuteFTP 8 Professional\cuteftppro.exe
005B6AFA  012D67D8  0001:001B5AFA F:\Install\CuteFTP 8 Professional\cuteftppro.exe
FFFFFFFF  006324D4  0000:00000000 
004DAB50  0056E344  0001:000D9B50 F:\Install\CuteFTP 8 Professional\cuteftppro.exe

//=====================================================
Exception code: C00000FD STACK_OVERFLOW
Fault address:  7C80B035 01:0000A035 C:\WINDOWS\system32\kernel32.dll

Registers:
EAX:00000001
EBX:00033178
ECX:00001001
EDX:00033188
ESI:00000001
EDI:00000000
CS:EIP:001B:7C80B035
SS:ESP:0023:00033000  EBP:000330A4
DS:0023  ES:0023  FS:003B  GS:0000
Flags:00010246

ESP dump:
 0x0000  0x0001  0x33178  0x0000  0x33188  0x0000  0x0000  0x0002  0x0000  0x0001  0x33198  0x0000  0x331a8  0x0000  0x0000  0x0000  0x0000  0x0000  0x0000  0x0000  0x0000  0x0001  0x331c8  0x0000  0x331d8  0x0000  0x0000  0x0000  0x0000  0x0000  0x0000  0x0000  0x0000  0x0001  0x331f8  0x0001  0x33208  0x0001  0x33178  0x33188  0x0000  0x33150  0x7c80a4a9  0x152ed0  0x1001  0x33188  0x0001  0x33178  0x0001  0x0000 

EBP dump:
 0x33150  0x7c80a4a9  0x152ed0  0x1001  0x33188  0x0001  0x33178  0x0001  0x0000  0x33178  0x7c809c98  0x0001  0x331a8  0x0001  0x33198  0x0001  0x0000  0x33198  0x33188  0x0001  0x331a0  0x7c80a4a9  0x152ed0  0x0000  0x331d8  0x0001  0x331a8  0x0001  0x0000  0x331c8  0x0002  0x33178  0x7c809c98  0x7c809e15  0x152ed0  0x7ffa001c  0x12bf75a  0x12b3800  0x0001  0x7ffa001c  0x12bf75a  0x12bf758  0x8c64  0x331c4  0x5c7068  0x0804  0x1001  0x33188  0x0001  0x33178 

IP dump:
 0x6afe580f  0x85358000  0x008b4508  0x8b40243b  0xc7898568  0xffffff75  0x403bf70f  0x84fb0200  0x00668b32  0x663bf70f  0x843bffff  0xff397de8  0x7415668b  0x03663bc7  0x0f8439ff  0xffff663b  0xf00f841f  0x02000039  0x7df00f84  0xcc020000  0x66393a0f  0x84928800  0x00834dfc  0xff834dec  0xff8bc183  0xe0048945  0xa0894594  0x8bc12500  0x10000089  0x8574ffff  0xff8bc18b  0xd16a0c83  0xe20283e0  0x032bc75b  0x8955a489  0x7db0897d  0x84897d8c  0x897db889  0x7da8897d  0x98897d90  0x897dd489  0x7de4895d  0xcc0f849a  0x7f000048  0x0f8576c4  0x0300c745  0xd8ffffff  0xe78b4508  0x33db3978  0x200f95c3 

Call stack:
Address   Frame     Logical addr  Module
7C80B035  000330A4  0001:0000A035 C:\WINDOWS\system32\kernel32.dll
7C80A4A9  00033150  0001:000094A9 C:\WINDOWS\system32\kernel32.dll
005C7068  000331C4  0001:001C6068 F:\Install\CuteFTP 8 Professional\cuteftppro.exe
005C7178  000331F4  0001:001C6178 F:\Install\CuteFTP 8 Professional\cuteftppro.exe
005B6AAE  00033250  0001:001B5AAE F:\Install\CuteFTP 8 Professional\cuteftppro.exe
005B6AFA  012A2F78  0001:001B5AFA F:\Install\CuteFTP 8 Professional\cuteftppro.exe
FFFFFFFF  006324D4  0000:00000000 
004DAB50  0056E344  0001:000D9B50 F:\Install\CuteFTP 8 Professional\cuteftppro.exe

//=====================================================
Exception code: C0000005 ACCESS_VIOLATION
Fault address:  0044EA64 01:0004DA64 F:\Install\CuteFTP 8 Professional\cuteftppro.exe

Registers:
EAX:00000000
EBX:00000000
ECX:00000000
EDX:00748B78
ESI:0012FC6C
EDI:0126F4D0
CS:EIP:001B:0044EA64
SS:ESP:0023:0012FB44  EBP:0126F4D0
DS:0023  ES:0023  FS:003B  GS:0000
Flags:00010246

ESP dump:
 0x62128c  0x0000  0xdbc0a4f7  0x126f4d0  0x12fc6c  0x12fb94  0x0001  0x7c9300b8  0x0000  0x12fc34  0x7c930041  0x1508c8  0x126f4d0  0x12fbf8  0x5dba32  0xffffffff  0x56c2b3  0x12fc6c  0x621668  0x0111  0x12fbc4  0x56c43c  0x126f4d0  0xe707  0xffffffff  0x44ea10  0x12fc6c  0x0040  0x0000  0x126f4d0  0x0000  0x126f4d0  0x12fc04  0x574616  0xe707  0xffffffff  0x12fc6c  0x0000  0xdbc0a3a3  0x126f4d0  0x0000  0x0000  0x0000  0x1809c8  0x0000  0x12fd40  0x604365  0x0000  0x12fc6c  0x4d1657 

EBP dump:
 0x621314  0x0001  0x0000  0x0000  0x0000  0x0001  0x0000  0x180b38  0x202c4  0x0000  0x0000  0x0000  0x645164  0x6451d8  0x0000  0x0000  0x77d2c17e  0x0000  0x0000  0x0000  0x0000  0x0001  0xffffffff  0xf0361  0x10393  0x0000  0x0000  0x0000  0x0000  0x0000  0x0000  0x0000  0x0000  0x649564  0x1264c2c  0x126a914  0x000d  0x126a920  0x126a8f8  0x000a  0xffffffff  0x006e  0x0000  0x0000  0x0000  0x0000  0x0000  0x0000  0x0000  0x126dcd8 

IP dump:
 0x8b108bc8  0x8b824001  0x000083c4  0x08ffd08b  0xf03bf30f  0x841f0600  0x0068383d  0x63008bce  0xe832f911  0x0085c00f  0x840b0600  0x008dbd04  0x08000068  0x07e70000  0x8bcfe8a1  0x0614008b  0x8d240800  0x00688080  0x61005068  0x10040000  0x51ff152c  0x6961008b  0xcee88e78  0x09008bf0  0x3bf30f84  0xd0050000  0x8b46548b  0x80340300  0x003bc30f  0x85340100  0x008bcee8  0x9c9f0900  0x85c00f84  0x25010000  0x8bcee88d  0x9f09008b  0xc8e8465f  0xfbff50e8  0xe0a1ffff  0x83c40485  0xc00f8406  0x0100008d  0x54242052  0x8bcee869  0xd2090089  0x5c24348b  0x003958f4  0xc7442418  0x01000000  0x740f8bce 

Call stack:
Address   Frame     Logical addr  Module
0044EA64  0126F4D0  0001:0004DA64 F:\Install\CuteFTP 8 Professional\cuteftppro.exe
00000001  00621314  0000:00000000 
0044FF50  00448D20  0001:0004EF50 F:\Install\CuteFTP 8 Professional\cuteftppro.exe

//=====================================================
Exception code: C00000FD STACK_OVERFLOW
Fault address:  7C80B035 01:0000A035 C:\WINDOWS\system32\kernel32.dll

Registers:
EAX:00000001
EBX:00033178
ECX:00001001
EDX:00033188
ESI:00000001
EDI:00000000
CS:EIP:001B:7C80B035
SS:ESP:0023:00033000  EBP:000330A4
DS:0023  ES:0023  FS:003B  GS:0000
Flags:00010246

ESP dump:
 0x0000  0x0001  0x33178  0x0000  0x33188  0x0000  0x0000  0x0000  0x0000  0x0000  0x0000  0x0000  0x0000  0x0001  0x331a8  0x0000  0x331b8  0x0000  0x0000  0x0000  0x0000  0x0000  0x0000  0x0000  0x0000  0x0001  0x331d8  0x0000  0x331e8  0x0000  0x0000  0x0000  0x0000  0x0000  0x0000  0x0001  0x0000  0x0001  0x33178  0x33188  0x33218  0x33150  0x7c80a4a9  0x152ed0  0x1001  0x33188  0x0001  0x33178  0x0001  0x0000 

EBP dump:
 0x33150  0x7c80a4a9  0x152ed0  0x1001  0x33188  0x0001  0x33178  0x0001  0x0000  0x33178  0x7c809c98  0x0001  0x33180  0x7c80a4a9  0x152ed0  0x1001  0x331b8  0x0001  0x33188  0x0001  0x0000  0x331a8  0x7c809c98  0x0000  0x331b0  0x7c80a4a9  0x152ed0  0x1001  0x0000  0x0001  0x0002  0x33178  0x7c809c98  0x7c809e15  0x152ed0  0x7ffa001c  0x12a2df2  0x12a3000  0x0001  0x7ffa001c  0x12a2df2  0x12a2df0  0x4061  0x331d0  0x5c7068  0x0804  0x1001  0x33188  0x0001  0x33178 

IP dump:
 0x6afe580f  0x85358000  0x008b4508  0x8b40243b  0xc7898568  0xffffff75  0x403bf70f  0x84fb0200  0x00668b32  0x663bf70f  0x843bffff  0xff397de8  0x7415668b  0x03663bc7  0x0f8439ff  0xffff663b  0xf00f841f  0x02000039  0x7df00f84  0xcc020000  0x66393a0f  0x84928800  0x00834dfc  0xff834dec  0xff8bc183  0xe0048945  0xa0894594  0x8bc12500  0x10000089  0x8574ffff  0xff8bc18b  0xd16a0c83  0xe20283e0  0x032bc75b  0x8955a489  0x7db0897d  0x84897d8c  0x897db889  0x7da8897d  0x98897d90  0x897dd489  0x7de4895d  0xcc0f849a  0x7f000048  0x0f8576c4  0x0300c745  0xd8ffffff  0xe78b4508  0x33db3978  0x200f95c3 

Call stack:
Address   Frame     Logical addr  Module
7C80B035  000330A4  0001:0000A035 C:\WINDOWS\system32\kernel32.dll
7C80A4A9  00033150  0001:000094A9 C:\WINDOWS\system32\kernel32.dll
005C7068  000331D0  0001:001C6068 F:\Install\CuteFTP 8 Professional\cuteftppro.exe
005C7178  00033200  0001:001C6178 F:\Install\CuteFTP 8 Professional\cuteftppro.exe
005B6AAE  0003325C  0001:001B5AAE F:\Install\CuteFTP 8 Professional\cuteftppro.exe
005B6AFA  012B0D90  0001:001B5AFA F:\Install\CuteFTP 8 Professional\cuteftppro.exe
FFFFFFFF  006324D4  0000:00000000 
004DAB50  0056E344  0001:000D9B50 F:\Install\CuteFTP 8 Professional\cuteftppro.exe

//=====================================================
Exception code: C00000FD STACK_OVERFLOW
Fault address:  7C80B035 01:0000A035 C:\WINDOWS\system32\kernel32.dll

Registers:
EAX:00000001
EBX:00033178
ECX:00001001
EDX:00033188
ESI:00000001
EDI:00000000
CS:EIP:001B:7C80B035
SS:ESP:0023:00033000  EBP:000330A4
DS:0023  ES:0023  FS:003B  GS:0000
Flags:00010246

ESP dump:
 0x0000  0x0001  0x33178  0x0000  0x33188  0x0000  0x0000  0x0000  0x0000  0x0000  0x0000  0x0000  0x0000  0x0001  0x331a8  0x0000  0x331b8  0x0000  0x0000  0x0000  0x0000  0x0000  0x0000  0x0000  0x0000  0x0001  0x331d8  0x0000  0x331e8  0x0000  0x0000  0x0000  0x0000  0x0000  0x0000  0x0001  0x0000  0x0001  0x33178  0x33188  0x33218  0x33150  0x7c80a4a9  0x152ed0  0x1001  0x33188  0x0001  0x33178  0x0001  0x0000 

EBP dump:
 0x33150  0x7c80a4a9  0x152ed0  0x1001  0x33188  0x0001  0x33178  0x0001  0x0000  0x33178  0x7c809c98  0x0001  0x33180  0x7c80a4a9  0x152ed0  0x1001  0x331b8  0x0001  0x33188  0x0001  0x0000  0x331a8  0x7c809c98  0x0000  0x331b0  0x7c80a4a9  0x152ed0  0x1001  0x0000  0x0001  0x0002  0x33178  0x7c809c98  0x7c809e15  0x152ed0  0x7ffa001c  0x12b6262  0x12b3000  0x0001  0x7ffa001c  0x12b6262  0x12b6260  0xc68a  0x331d0  0x5c7068  0x0804  0x1001  0x33188  0x0001  0x33178 

IP dump:
 0x6afe580f  0x85358000  0x008b4508  0x8b40243b  0xc7898568  0xffffff75  0x403bf70f  0x84fb0200  0x00668b32  0x663bf70f  0x843bffff  0xff397de8  0x7415668b  0x03663bc7  0x0f8439ff  0xffff663b  0xf00f841f  0x02000039  0x7df00f84  0xcc020000  0x66393a0f  0x84928800  0x00834dfc  0xff834dec  0xff8bc183  0xe0048945  0xa0894594  0x8bc12500  0x10000089  0x8574ffff  0xff8bc18b  0xd16a0c83  0xe20283e0  0x032bc75b  0x8955a489  0x7db0897d  0x84897d8c  0x897db889  0x7da8897d  0x98897d90  0x897dd489  0x7de4895d  0xcc0f849a  0x7f000048  0x0f8576c4  0x0300c745  0xd8ffffff  0xe78b4508  0x33db3978  0x200f95c3 

Call stack:
Address   Frame     Logical addr  Module
7C80B035  000330A4  0001:0000A035 C:\WINDOWS\system32\kernel32.dll
7C80A4A9  00033150  0001:000094A9 C:\WINDOWS\system32\kernel32.dll
005C7068  000331D0  0001:001C6068 F:\Install\CuteFTP 8 Professional\cuteftppro.exe
005C7178  00033200  0001:001C6178 F:\Install\CuteFTP 8 Professional\cuteftppro.exe
005B6AAE  0003325C  0001:001B5AAE F:\Install\CuteFTP 8 Professional\cuteftppro.exe
005B6AFA  012C2008  0001:001B5AFA F:\Install\CuteFTP 8 Professional\cuteftppro.exe
FFFFFFFF  006324D4  0000:00000000 
004DAB50  0056E344  0001:000D9B50 F:\Install\CuteFTP 8 Professional\cuteftppro.exe

//=====================================================
Exception code: C0000005 ACCESS_VIOLATION
Fault address:  004AE642 01:000AD642 F:\Install\CuteFTP 8 Professional\cuteftppro.exe

Registers:
EAX:00000000
EBX:00000180
ECX:012685EC
EDX:00000000
ESI:012685EC
EDI:00000000
CS:EIP:001B:004AE642
SS:ESP:0023:0012FB50  EBP:0012FC54
DS:0023  ES:0023  FS:003B  GS:0000
Flags:00010246

ESP dump:
 0x12685ec  0xff99  0x4ae5c0  0x77d2c17e  0x0111  0x0014  0x0001  0x0000  0x0000  0x0010  0x0000  0x0180  0xffffff99  0x0004  0xfffffffa  0x0005  0x0014  0xfffffffa  0x0000  0x59ebb9  0x748c40  0x0007  0x12fc54  0x62d77c  0x0000  0x748c40  0x56b597  0x0001  0x0180  0xffffff99  0x5b145850  0x0201  0x12685ec  0x180868  0x77d2a998  0x77d2c17e  0x205b4  0x0400  0x0000  0x0000  0x0001  0x12fc14  0x566ee5  0x77d2c17e  0x205b4  0x0400  0x0000  0x0000  0x12690ec  0x12fc30 

EBP dump:
 0x12fc74  0x56700c  0x0201  0x0001  0x62d7e8  0x12fc70  0x12685ec  0x0000  0x12fcdc  0x5697b7  0x0201  0x0001  0xff990180  0x5b1458d8  0x12fd64  0x205be  0x0000  0x0000  0x0000  0x0000  0x0000  0x0000  0x0000  0x0000  0x59e484  0x575562  0x573ef6  0x57e422  0x180868  0x5b1458e0  0x12fc88  0x12fd80  0x6039b7  0x0000  0x12fcfc  0x569844  0x0000  0x205be  0x0201  0x0001  0xff990180  0x569810  0x12fd28  0x77d18734  0x205be  0x0201  0x0001  0xff990180  0x569810  0xdcbaabcd 

IP dump:
 0x837f0c00  0x0f84c900  0x0000837e  0x78000f8e  0xcf000000  0x8b4e7483  0x7910000f  0x84b20000  0x008d5424  0x1c526a02  0x508b4424  0x44508bce  0xe88a150d  0x0085c00f  0x84960000  0x008b5424  0x208b4424  0x248b4c24  0x1c895424  0x1083caff  0x2b542464  0x6a00c1e2  0x04894424  0x18894c24  0x108b4c24  0x2c528d44  0x24145089  0x4c2424ff  0x155c6861  0x008b5708  0x8b44240c  0x8b4c2418  0xc1e2048d  0x4402f88d  0x50fa3bda  0x7e4583c0  0x063bd87d  0x3e8b4424  0x748d51f0  0x3bc27e33  0x83c1fc3b  0xc17d2c83  0x3f00740e  0x8b442444  0x508bcee8  0x46efffff  0xeb0c8b4c  0x2444518b  0xcee838f2  0xffff8b44 

Call stack:
Address   Frame     Logical addr  Module
004AE642  0012FC54  0001:000AD642 F:\Install\CuteFTP 8 Professional\cuteftppro.exe
0056700C  0012FC74  0001:0016600C F:\Install\CuteFTP 8 Professional\cuteftppro.exe
005697B7  0012FCDC  0001:001687B7 F:\Install\CuteFTP 8 Professional\cuteftppro.exe
00569844  0012FCFC  0001:00168844 F:\Install\CuteFTP 8 Professional\cuteftppro.exe
77D18734  0012FD28  0001:00007734 C:\WINDOWS\system32\USER32.dll
77D18816  0012FD90  0001:00007816 C:\WINDOWS\system32\USER32.dll
77D189CD  0012FDF0  0001:000079CD C:\WINDOWS\system32\USER32.dll
77D18A10  0012FE00  0001:00007A10 C:\WINDOWS\system32\USER32.dll
77D274FF  0012FE24  0001:000164FF C:\WINDOWS\system32\USER32.dll
77D3C6D3  0012FE44  0001:0002B6D3 C:\WINDOWS\system32\USER32.dll
0056CA67  0012FEB8  0001:0016BA67 F:\Install\CuteFTP 8 Professional\cuteftppro.exe

